<?xml version="1.0" encoding="UTF-8"?>
<!-- Generated by org.testng.reporters.JUnitReportReporter -->
<testsuite hostname="Vamsikishores-MacBook-Air.local" failures="0" tests="12" name="tests.magentoLoginPageTest" time="7.276" errors="0" timestamp="2023-08-22T23:00:20 GMT-04:00" skipped="0">
  <testcase classname="tests.magentoLoginPageTest" name="navigateToLoginPage" time="0.601"/>
  <system-out/>
  <testcase classname="tests.magentoLoginPageTest" name="verifyLoginPageUrlAndTitle" time="0.029"/>
  <system-out/>
  <testcase classname="tests.magentoLoginPageTest" name="verifyLoginSectionElements" time="0.071"/>
  <system-out/>
  <testcase classname="tests.magentoLoginPageTest" name="verifyLoginSectionErrorValidation" time="0.095"/>
  <system-out/>
  <testcase classname="tests.magentoLoginPageTest" name="verifyForgotPasswordLinkDisplay" time="0.017"/>
  <system-out/>
  <testcase classname="tests.magentoLoginPageTest" name="verifyForgotPasswordLinkNavigation" time="0.522"/>
  <system-out/>
  <testcase classname="tests.magentoLoginPageTest" name="verifyForgotPasswordPageElements" time="0.075"/>
  <system-out/>
  <testcase classname="tests.magentoLoginPageTest" name="verifyForgotPasswordPageBrowserBackFunctionality" time="0.561"/>
  <system-out/>
  <testcase classname="tests.magentoLoginPageTest" name="verifyInvalidLoginCredentials" time="1.573"/>
  <system-out/>
  <testcase classname="tests.magentoLoginPageTest" name="verifyInvalidLoginCredentials" time="1.644"/>
  <system-out/>
  <testcase classname="tests.magentoLoginPageTest" name="verifyLogin" time="1.196"/>
  <system-out/>
  <testcase classname="tests.magentoLoginPageTest" name="verifySignOutFeature" time="0.892"/>
  <system-out/>
</testsuite> <!-- tests.magentoLoginPageTest -->
