<?xml version="1.0" encoding="UTF-8"?>
<testsuite xmlns:xsi="http://www.w3.org/2001/XMLSchema-instance" xsi:noNamespaceSchemaLocation="https://maven.apache.org/surefire/maven-surefire-plugin/xsd/surefire-test-report.xsd" name="TestSuite" time="10.411" tests="12" errors="0" skipped="0" failures="0">
  <properties>
    <property name="java.specification.version" value="17"/>
    <property name="sun.jnu.encoding" value="UTF-8"/>
    <property name="java.class.path" value="/Users/vamsikishore/Desktop/Sai/Java-Selenium-TestNG-Framework/target/test-classes:/Users/vamsikishore/Desktop/Sai/Java-Selenium-TestNG-Framework/target/classes:/Users/vamsikishore/.m2/repository/org/seleniumhq/selenium/selenium-java/3.141.59/selenium-java-3.141.59.jar:/Users/vamsikishore/.m2/repository/org/seleniumhq/selenium/selenium-api/3.141.59/selenium-api-3.141.59.jar:/Users/vamsikishore/.m2/repository/org/seleniumhq/selenium/selenium-chrome-driver/3.141.59/selenium-chrome-driver-3.141.59.jar:/Users/vamsikishore/.m2/repository/org/seleniumhq/selenium/selenium-edge-driver/3.141.59/selenium-edge-driver-3.141.59.jar:/Users/vamsikishore/.m2/repository/org/seleniumhq/selenium/selenium-firefox-driver/3.141.59/selenium-firefox-driver-3.141.59.jar:/Users/vamsikishore/.m2/repository/org/seleniumhq/selenium/selenium-ie-driver/3.141.59/selenium-ie-driver-3.141.59.jar:/Users/vamsikishore/.m2/repository/org/seleniumhq/selenium/selenium-opera-driver/3.141.59/selenium-opera-driver-3.141.59.jar:/Users/vamsikishore/.m2/repository/org/seleniumhq/selenium/selenium-remote-driver/3.141.59/selenium-remote-driver-3.141.59.jar:/Users/vamsikishore/.m2/repository/org/seleniumhq/selenium/selenium-safari-driver/3.141.59/selenium-safari-driver-3.141.59.jar:/Users/vamsikishore/.m2/repository/org/seleniumhq/selenium/selenium-support/3.141.59/selenium-support-3.141.59.jar:/Users/vamsikishore/.m2/repository/net/bytebuddy/byte-buddy/1.8.15/byte-buddy-1.8.15.jar:/Users/vamsikishore/.m2/repository/org/apache/commons/commons-exec/1.3/commons-exec-1.3.jar:/Users/vamsikishore/.m2/repository/com/google/guava/guava/25.0-jre/guava-25.0-jre.jar:/Users/vamsikishore/.m2/repository/com/google/code/findbugs/jsr305/1.3.9/jsr305-1.3.9.jar:/Users/vamsikishore/.m2/repository/org/checkerframework/checker-compat-qual/2.0.0/checker-compat-qual-2.0.0.jar:/Users/vamsikishore/.m2/repository/com/google/errorprone/error_prone_annotations/2.1.3/error_prone_annotations-2.1.3.jar:/Users/vamsikishore/.m2/repository/com/google/j2objc/j2objc-annotations/1.1/j2objc-annotations-1.1.jar:/Users/vamsikishore/.m2/repository/org/codehaus/mojo/animal-sniffer-annotations/1.14/animal-sniffer-annotations-1.14.jar:/Users/vamsikishore/.m2/repository/com/squareup/okhttp3/okhttp/3.11.0/okhttp-3.11.0.jar:/Users/vamsikishore/.m2/repository/com/squareup/okio/okio/1.14.0/okio-1.14.0.jar:/Users/vamsikishore/.m2/repository/org/testng/testng/7.1.0/testng-7.1.0.jar:/Users/vamsikishore/.m2/repository/com/beust/jcommander/1.72/jcommander-1.72.jar:/Users/vamsikishore/.m2/repository/com/google/inject/guice/4.1.0/guice-4.1.0-no_aop.jar:/Users/vamsikishore/.m2/repository/javax/inject/javax.inject/1/javax.inject-1.jar:/Users/vamsikishore/.m2/repository/aopalliance/aopalliance/1.0/aopalliance-1.0.jar:/Users/vamsikishore/.m2/repository/org/yaml/snakeyaml/1.21/snakeyaml-1.21.jar:/Users/vamsikishore/.m2/repository/io/github/bonigarcia/webdrivermanager/5.4.1/webdrivermanager-5.4.1.jar:/Users/vamsikishore/.m2/repository/org/slf4j/slf4j-api/2.0.7/slf4j-api-2.0.7.jar:/Users/vamsikishore/.m2/repository/com/google/code/gson/gson/2.10.1/gson-2.10.1.jar:/Users/vamsikishore/.m2/repository/com/github/docker-java/docker-java/3.3.2/docker-java-3.3.2.jar:/Users/vamsikishore/.m2/repository/com/github/docker-java/docker-java-core/3.3.2/docker-java-core-3.3.2.jar:/Users/vamsikishore/.m2/repository/com/github/docker-java/docker-java-api/3.3.2/docker-java-api-3.3.2.jar:/Users/vamsikishore/.m2/repository/com/fasterxml/jackson/core/jackson-annotations/2.10.3/jackson-annotations-2.10.3.jar:/Users/vamsikishore/.m2/repository/org/apache/commons/commons-compress/1.21/commons-compress-1.21.jar:/Users/vamsikishore/.m2/repository/com/fasterxml/jackson/core/jackson-databind/2.10.3/jackson-databind-2.10.3.jar:/Users/vamsikishore/.m2/repository/com/fasterxml/jackson/core/jackson-core/2.10.3/jackson-core-2.10.3.jar:/Users/vamsikishore/.m2/repository/org/bouncycastle/bcpkix-jdk15on/1.64/bcpkix-jdk15on-1.64.jar:/Users/vamsikishore/.m2/repository/org/bouncycastle/bcprov-jdk15on/1.64/bcprov-jdk15on-1.64.jar:/Users/vamsikishore/.m2/repository/org/slf4j/jcl-over-slf4j/1.7.30/jcl-over-slf4j-1.7.30.jar:/Users/vamsikishore/.m2/repository/com/github/docker-java/docker-java-transport-httpclient5/3.3.2/docker-java-transport-httpclient5-3.3.2.jar:/Users/vamsikishore/.m2/repository/com/github/docker-java/docker-java-transport/3.3.2/docker-java-transport-3.3.2.jar:/Users/vamsikishore/.m2/repository/net/java/dev/jna/jna/5.12.1/jna-5.12.1.jar:/Users/vamsikishore/.m2/repository/org/brotli/dec/0.1.2/dec-0.1.2.jar:/Users/vamsikishore/.m2/repository/org/apache/commons/commons-lang3/3.12.0/commons-lang3-3.12.0.jar:/Users/vamsikishore/.m2/repository/org/apache/httpcomponents/client5/httpclient5/5.2.1/httpclient5-5.2.1.jar:/Users/vamsikishore/.m2/repository/org/apache/httpcomponents/core5/httpcore5/5.2/httpcore5-5.2.jar:/Users/vamsikishore/.m2/repository/org/apache/httpcomponents/core5/httpcore5-h2/5.2/httpcore5-h2-5.2.jar:/Users/vamsikishore/.m2/repository/org/apache/logging/log4j/log4j-slf4j-impl/2.11.2/log4j-slf4j-impl-2.11.2.jar:/Users/vamsikishore/.m2/repository/org/apache/logging/log4j/log4j-api/2.11.2/log4j-api-2.11.2.jar:/Users/vamsikishore/.m2/repository/org/apache/logging/log4j/log4j-core/2.11.2/log4j-core-2.11.2.jar:/Users/vamsikishore/.m2/repository/com/relevantcodes/extentreports/2.41.2/extentreports-2.41.2.jar:/Users/vamsikishore/.m2/repository/org/jsoup/jsoup/1.8.3/jsoup-1.8.3.jar:/Users/vamsikishore/.m2/repository/org/xerial/sqlite-jdbc/3.8.11.1/sqlite-jdbc-3.8.11.1.jar:/Users/vamsikishore/.m2/repository/org/freemarker/freemarker/2.3.23/freemarker-2.3.23.jar:/Users/vamsikishore/.m2/repository/org/mongodb/mongodb-driver/3.0.4/mongodb-driver-3.0.4.jar:/Users/vamsikishore/.m2/repository/org/mongodb/bson/3.0.4/bson-3.0.4.jar:/Users/vamsikishore/.m2/repository/org/mongodb/mongodb-driver-core/3.0.4/mongodb-driver-core-3.0.4.jar:/Users/vamsikishore/.m2/repository/commons-io/commons-io/2.5/commons-io-2.5.jar:"/>
    <property name="java.vm.vendor" value="Oracle Corporation"/>
    <property name="sun.arch.data.model" value="64"/>
    <property name="java.vendor.url" value="https://java.oracle.com/"/>
    <property name="os.name" value="Mac OS X"/>
    <property name="java.vm.specification.version" value="17"/>
    <property name="sun.java.launcher" value="SUN_STANDARD"/>
    <property name="user.country" value="GB"/>
    <property name="sun.boot.library.path" value="/Users/vamsikishore/Library/Java/JavaVirtualMachines/openjdk-17.0.2/Contents/Home/lib"/>
    <property name="sun.java.command" value="/Users/vamsikishore/Desktop/Sai/Java-Selenium-TestNG-Framework/target/surefire/surefirebooter15159441946654568078.jar /Users/vamsikishore/Desktop/Sai/Java-Selenium-TestNG-Framework/target/surefire 2023-08-22T23-00-10_119-jvmRun1 surefire603980753441165698tmp surefire_010123247177765336168tmp"/>
    <property name="http.nonProxyHosts" value="local|*.local|169.254/16|*.169.254/16"/>
    <property name="jdk.debug" value="release"/>
    <property name="surefire.test.class.path" value="/Users/vamsikishore/Desktop/Sai/Java-Selenium-TestNG-Framework/target/test-classes:/Users/vamsikishore/Desktop/Sai/Java-Selenium-TestNG-Framework/target/classes:/Users/vamsikishore/.m2/repository/org/seleniumhq/selenium/selenium-java/3.141.59/selenium-java-3.141.59.jar:/Users/vamsikishore/.m2/repository/org/seleniumhq/selenium/selenium-api/3.141.59/selenium-api-3.141.59.jar:/Users/vamsikishore/.m2/repository/org/seleniumhq/selenium/selenium-chrome-driver/3.141.59/selenium-chrome-driver-3.141.59.jar:/Users/vamsikishore/.m2/repository/org/seleniumhq/selenium/selenium-edge-driver/3.141.59/selenium-edge-driver-3.141.59.jar:/Users/vamsikishore/.m2/repository/org/seleniumhq/selenium/selenium-firefox-driver/3.141.59/selenium-firefox-driver-3.141.59.jar:/Users/vamsikishore/.m2/repository/org/seleniumhq/selenium/selenium-ie-driver/3.141.59/selenium-ie-driver-3.141.59.jar:/Users/vamsikishore/.m2/repository/org/seleniumhq/selenium/selenium-opera-driver/3.141.59/selenium-opera-driver-3.141.59.jar:/Users/vamsikishore/.m2/repository/org/seleniumhq/selenium/selenium-remote-driver/3.141.59/selenium-remote-driver-3.141.59.jar:/Users/vamsikishore/.m2/repository/org/seleniumhq/selenium/selenium-safari-driver/3.141.59/selenium-safari-driver-3.141.59.jar:/Users/vamsikishore/.m2/repository/org/seleniumhq/selenium/selenium-support/3.141.59/selenium-support-3.141.59.jar:/Users/vamsikishore/.m2/repository/net/bytebuddy/byte-buddy/1.8.15/byte-buddy-1.8.15.jar:/Users/vamsikishore/.m2/repository/org/apache/commons/commons-exec/1.3/commons-exec-1.3.jar:/Users/vamsikishore/.m2/repository/com/google/guava/guava/25.0-jre/guava-25.0-jre.jar:/Users/vamsikishore/.m2/repository/com/google/code/findbugs/jsr305/1.3.9/jsr305-1.3.9.jar:/Users/vamsikishore/.m2/repository/org/checkerframework/checker-compat-qual/2.0.0/checker-compat-qual-2.0.0.jar:/Users/vamsikishore/.m2/repository/com/google/errorprone/error_prone_annotations/2.1.3/error_prone_annotations-2.1.3.jar:/Users/vamsikishore/.m2/repository/com/google/j2objc/j2objc-annotations/1.1/j2objc-annotations-1.1.jar:/Users/vamsikishore/.m2/repository/org/codehaus/mojo/animal-sniffer-annotations/1.14/animal-sniffer-annotations-1.14.jar:/Users/vamsikishore/.m2/repository/com/squareup/okhttp3/okhttp/3.11.0/okhttp-3.11.0.jar:/Users/vamsikishore/.m2/repository/com/squareup/okio/okio/1.14.0/okio-1.14.0.jar:/Users/vamsikishore/.m2/repository/org/testng/testng/7.1.0/testng-7.1.0.jar:/Users/vamsikishore/.m2/repository/com/beust/jcommander/1.72/jcommander-1.72.jar:/Users/vamsikishore/.m2/repository/com/google/inject/guice/4.1.0/guice-4.1.0-no_aop.jar:/Users/vamsikishore/.m2/repository/javax/inject/javax.inject/1/javax.inject-1.jar:/Users/vamsikishore/.m2/repository/aopalliance/aopalliance/1.0/aopalliance-1.0.jar:/Users/vamsikishore/.m2/repository/org/yaml/snakeyaml/1.21/snakeyaml-1.21.jar:/Users/vamsikishore/.m2/repository/io/github/bonigarcia/webdrivermanager/5.4.1/webdrivermanager-5.4.1.jar:/Users/vamsikishore/.m2/repository/org/slf4j/slf4j-api/2.0.7/slf4j-api-2.0.7.jar:/Users/vamsikishore/.m2/repository/com/google/code/gson/gson/2.10.1/gson-2.10.1.jar:/Users/vamsikishore/.m2/repository/com/github/docker-java/docker-java/3.3.2/docker-java-3.3.2.jar:/Users/vamsikishore/.m2/repository/com/github/docker-java/docker-java-core/3.3.2/docker-java-core-3.3.2.jar:/Users/vamsikishore/.m2/repository/com/github/docker-java/docker-java-api/3.3.2/docker-java-api-3.3.2.jar:/Users/vamsikishore/.m2/repository/com/fasterxml/jackson/core/jackson-annotations/2.10.3/jackson-annotations-2.10.3.jar:/Users/vamsikishore/.m2/repository/org/apache/commons/commons-compress/1.21/commons-compress-1.21.jar:/Users/vamsikishore/.m2/repository/com/fasterxml/jackson/core/jackson-databind/2.10.3/jackson-databind-2.10.3.jar:/Users/vamsikishore/.m2/repository/com/fasterxml/jackson/core/jackson-core/2.10.3/jackson-core-2.10.3.jar:/Users/vamsikishore/.m2/repository/org/bouncycastle/bcpkix-jdk15on/1.64/bcpkix-jdk15on-1.64.jar:/Users/vamsikishore/.m2/repository/org/bouncycastle/bcprov-jdk15on/1.64/bcprov-jdk15on-1.64.jar:/Users/vamsikishore/.m2/repository/org/slf4j/jcl-over-slf4j/1.7.30/jcl-over-slf4j-1.7.30.jar:/Users/vamsikishore/.m2/repository/com/github/docker-java/docker-java-transport-httpclient5/3.3.2/docker-java-transport-httpclient5-3.3.2.jar:/Users/vamsikishore/.m2/repository/com/github/docker-java/docker-java-transport/3.3.2/docker-java-transport-3.3.2.jar:/Users/vamsikishore/.m2/repository/net/java/dev/jna/jna/5.12.1/jna-5.12.1.jar:/Users/vamsikishore/.m2/repository/org/brotli/dec/0.1.2/dec-0.1.2.jar:/Users/vamsikishore/.m2/repository/org/apache/commons/commons-lang3/3.12.0/commons-lang3-3.12.0.jar:/Users/vamsikishore/.m2/repository/org/apache/httpcomponents/client5/httpclient5/5.2.1/httpclient5-5.2.1.jar:/Users/vamsikishore/.m2/repository/org/apache/httpcomponents/core5/httpcore5/5.2/httpcore5-5.2.jar:/Users/vamsikishore/.m2/repository/org/apache/httpcomponents/core5/httpcore5-h2/5.2/httpcore5-h2-5.2.jar:/Users/vamsikishore/.m2/repository/org/apache/logging/log4j/log4j-slf4j-impl/2.11.2/log4j-slf4j-impl-2.11.2.jar:/Users/vamsikishore/.m2/repository/org/apache/logging/log4j/log4j-api/2.11.2/log4j-api-2.11.2.jar:/Users/vamsikishore/.m2/repository/org/apache/logging/log4j/log4j-core/2.11.2/log4j-core-2.11.2.jar:/Users/vamsikishore/.m2/repository/com/relevantcodes/extentreports/2.41.2/extentreports-2.41.2.jar:/Users/vamsikishore/.m2/repository/org/jsoup/jsoup/1.8.3/jsoup-1.8.3.jar:/Users/vamsikishore/.m2/repository/org/xerial/sqlite-jdbc/3.8.11.1/sqlite-jdbc-3.8.11.1.jar:/Users/vamsikishore/.m2/repository/org/freemarker/freemarker/2.3.23/freemarker-2.3.23.jar:/Users/vamsikishore/.m2/repository/org/mongodb/mongodb-driver/3.0.4/mongodb-driver-3.0.4.jar:/Users/vamsikishore/.m2/repository/org/mongodb/bson/3.0.4/bson-3.0.4.jar:/Users/vamsikishore/.m2/repository/org/mongodb/mongodb-driver-core/3.0.4/mongodb-driver-core-3.0.4.jar:/Users/vamsikishore/.m2/repository/commons-io/commons-io/2.5/commons-io-2.5.jar:"/>
    <property name="sun.cpu.endian" value="little"/>
    <property name="user.home" value="/Users/vamsikishore"/>
    <property name="user.language" value="en"/>
    <property name="java.specification.vendor" value="Oracle Corporation"/>
    <property name="java.version.date" value="2022-01-18"/>
    <property name="java.home" value="/Users/vamsikishore/Library/Java/JavaVirtualMachines/openjdk-17.0.2/Contents/Home"/>
    <property name="file.separator" value="/"/>
    <property name="basedir" value="/Users/vamsikishore/Desktop/Sai/Java-Selenium-TestNG-Framework"/>
    <property name="java.vm.compressedOopsMode" value="Zero based"/>
    <property name="line.separator" value="&#10;"/>
    <property name="java.specification.name" value="Java Platform API Specification"/>
    <property name="java.vm.specification.vendor" value="Oracle Corporation"/>
    <property name="surefire.real.class.path" value="/Users/vamsikishore/Desktop/Sai/Java-Selenium-TestNG-Framework/target/surefire/surefirebooter15159441946654568078.jar"/>
    <property name="sun.management.compiler" value="HotSpot 64-Bit Tiered Compilers"/>
    <property name="ftp.nonProxyHosts" value="local|*.local|169.254/16|*.169.254/16"/>
    <property name="java.runtime.version" value="17.0.2+8-86"/>
    <property name="user.name" value="vamsikishore"/>
    <property name="path.separator" value=":"/>
    <property name="os.version" value="13.4.1"/>
    <property name="java.runtime.name" value="OpenJDK Runtime Environment"/>
    <property name="file.encoding" value="UTF-8"/>
    <property name="java.vm.name" value="OpenJDK 64-Bit Server VM"/>
    <property name="localRepository" value="/Users/vamsikishore/.m2/repository"/>
    <property name="java.vendor.url.bug" value="https://bugreport.java.com/bugreport/"/>
    <property name="java.io.tmpdir" value="/var/folders/d5/6rrn_s3s67b7q_ryw6zx7jrr0000gn/T/"/>
    <property name="idea.version" value="2022.3.3"/>
    <property name="java.version" value="17.0.2"/>
    <property name="user.dir" value="/Users/vamsikishore/Desktop/Sai/Java-Selenium-TestNG-Framework"/>
    <property name="os.arch" value="aarch64"/>
    <property name="java.vm.specification.name" value="Java Virtual Machine Specification"/>
    <property name="native.encoding" value="UTF-8"/>
    <property name="java.library.path" value="/Users/vamsikishore/Library/Java/Extensions:/Library/Java/Extensions:/Network/Library/Java/Extensions:/System/Library/Java/Extensions:/usr/lib/java:."/>
    <property name="java.vm.info" value="mixed mode, sharing"/>
    <property name="java.vendor" value="Oracle Corporation"/>
    <property name="java.vm.version" value="17.0.2+8-86"/>
    <property name="sun.io.unicode.encoding" value="UnicodeBig"/>
    <property name="socksNonProxyHosts" value="local|*.local|169.254/16|*.169.254/16"/>
    <property name="java.class.version" value="61.0"/>
  </properties>
  <testcase name="navigateToLoginPage" classname="tests.magentoLoginPageTest" time="0.603"/>
  <testcase name="verifyLoginPageUrlAndTitle" classname="tests.magentoLoginPageTest" time="0.029"/>
  <testcase name="verifyLoginSectionElements" classname="tests.magentoLoginPageTest" time="0.071"/>
  <testcase name="verifyLoginSectionErrorValidation" classname="tests.magentoLoginPageTest" time="0.095"/>
  <testcase name="verifyForgotPasswordLinkDisplay" classname="tests.magentoLoginPageTest" time="0.017"/>
  <testcase name="verifyForgotPasswordLinkNavigation" classname="tests.magentoLoginPageTest" time="0.523"/>
  <testcase name="verifyForgotPasswordPageElements" classname="tests.magentoLoginPageTest" time="0.075"/>
  <testcase name="verifyForgotPasswordPageBrowserBackFunctionality" classname="tests.magentoLoginPageTest" time="0.561"/>
  <testcase name="verifyInvalidLoginCredentials" classname="tests.magentoLoginPageTest" time="1.645"/>
  <testcase name="verifyInvalidLoginCredentials" classname="tests.magentoLoginPageTest" time="1.574"/>
  <testcase name="verifyLogin" classname="tests.magentoLoginPageTest" time="1.196"/>
  <testcase name="verifySignOutFeature" classname="tests.magentoLoginPageTest" time="0.893"/>
</testsuite>